
> cotizador-e3@0.1.0 dev
> next dev

▲ Next.js 16.2.4 (Turbopack)
- Local:         http://localhost:3000
- Network:       http://172.25.192.1:3000
- Environments: .env
✓ Ready in 327ms

 GET /cotizaciones/cmq79547x00016wu65yh7vuv8 200 in 1662ms (next.js: 809ms, proxy.ts: 90ms, application-code: 762ms)
 GET /cotizaciones/cmq79547x00016wu65yh7vuv8 200 in 1650ms (next.js: 809ms, proxy.ts: 75ms, application-code: 766ms)
 GET /sw.js 404 in 86ms (next.js: 38ms, proxy.ts: 5ms, application-code: 43ms)
 POST /api/auth/login 200 in 181ms (next.js: 81ms, proxy.ts: 4ms, application-code: 96ms)
 GET /api/export/excel/cmq79547x00016wu65yh7vuv8 200 in 906ms (next.js: 772ms, proxy.ts: 3ms, application-code: 131ms)
 GET /api/export/pdf/cmq79547x00016wu65yh7vuv8 200 in 907ms (next.js: 699ms, proxy.ts: 3ms, application-code: 205ms)
 GET /sw.js 404 in 44ms (next.js: 6ms, proxy.ts: 4ms, application-code: 33ms)
 GET /cotizaciones/cmq79547x00016wu65yh7vuv8 200 in 284ms (next.js: 75ms, proxy.ts: 34ms, application-code: 175ms)
 GET /cotizaciones/cmq79547x00016wu65yh7vuv8 200 in 263ms (next.js: 155ms, proxy.ts: 5ms, application-code: 103ms)
 POST /api/auth/login 200 in 115ms (next.js: 34ms, proxy.ts: 3ms, application-code: 78ms)
 GET /api/export/excel/cmq79547x00016wu65yh7vuv8 200 in 172ms (next.js: 77ms, proxy.ts: 3ms, application-code: 92ms)
 GET /sw.js 404 in 58ms (next.js: 12ms, proxy.ts: 3ms, application-code: 43ms)
✓ Compiled in 59ms
 GET /cotizaciones/cmq79547x00016wu65yh7vuv8 200 in 388ms (next.js: 46ms, proxy.ts: 21ms, application-code: 321ms)
 GET /cotizaciones/cmq79547x00016wu65yh7vuv8 200 in 387ms (next.js: 90ms, proxy.ts: 20ms, application-code: 278ms)
 GET /cotizaciones/cmq79547x00016wu65yh7vuv8 200 in 642ms (next.js: 120ms, proxy.ts: 18ms, application-code: 504ms)
 GET /cotizaciones/cmq79547x00016wu65yh7vuv8 200 in 387ms (next.js: 180ms, proxy.ts: 18ms, application-code: 189ms)
 GET /cotizaciones/cmq79547x00016wu65yh7vuv8 200 in 387ms (next.js: 201ms, proxy.ts: 18ms, application-code: 169ms)
 GET /cotizaciones/cmq79547x00016wu65yh7vuv8 200 in 466ms (next.js: 10ms, proxy.ts: 9ms, application-code: 447ms)
 GET /cotizaciones/cmq79547x00016wu65yh7vuv8 200 in 398ms (next.js: 69ms, proxy.ts: 20ms, application-code: 309ms)
 GET /cotizaciones/cmq79547x00016wu65yh7vuv8 200 in 397ms (next.js: 113ms, proxy.ts: 19ms, application-code: 265ms)
 GET /cotizaciones/cmq79547x00016wu65yh7vuv8 200 in 398ms (next.js: 139ms, proxy.ts: 19ms, application-code: 240ms)
 GET /cotizaciones/cmq79547x00016wu65yh7vuv8 200 in 398ms (next.js: 159ms, proxy.ts: 18ms, application-code: 221ms)
 GET /cotizaciones/cmq79547x00016wu65yh7vuv8 200 in 659ms (next.js: 68ms, proxy.ts: 19ms, application-code: 571ms)
 GET /cotizaciones/cmq79547x00016wu65yh7vuv8 200 in 493ms (next.js: 34ms, proxy.ts: 7ms, application-code: 452ms)
 GET /cotizaciones/cmq79547x00016wu65yh7vuv8 200 in 457ms (next.js: 70ms, proxy.ts: 21ms, application-code: 366ms)
 GET /cotizaciones/cmq79547x00016wu65yh7vuv8 200 in 461ms (next.js: 38ms, proxy.ts: 22ms, application-code: 400ms)
 GET /cotizaciones/cmq79547x00016wu65yh7vuv8 200 in 454ms (next.js: 246ms, proxy.ts: 18ms, application-code: 190ms)
 GET /cotizaciones/cmq79547x00016wu65yh7vuv8 200 in 461ms (next.js: 103ms, proxy.ts: 20ms, application-code: 337ms)
 GET /cotizaciones/cmq79547x00016wu65yh7vuv8 200 in 461ms (next.js: 144ms, proxy.ts: 20ms, application-code: 297ms)
 GET /cotizaciones/cmq79547x00016wu65yh7vuv8 200 in 461ms (next.js: 202ms, proxy.ts: 19ms, application-code: 240ms)
 GET /cotizaciones/cmq79547x00016wu65yh7vuv8 200 in 452ms (next.js: 310ms, proxy.ts: 13ms, application-code: 129ms)
 GET /cotizaciones/cmq79547x00016wu65yh7vuv8 200 in 452ms (next.js: 331ms, proxy.ts: 12ms, application-code: 108ms)
 GET /cotizaciones/cmq79547x00016wu65yh7vuv8 200 in 219ms (next.js: 94ms, proxy.ts: 22ms, application-code: 104ms)
 GET /cotizaciones/cmq79547x00016wu65yh7vuv8 200 in 218ms (next.js: 145ms, proxy.ts: 19ms, application-code: 54ms)
 GET /sw.js 404 in 78ms (next.js: 15ms, proxy.ts: 3ms, application-code: 59ms)
 GET /cotizaciones/cmq79547x00016wu65yh7vuv8 200 in 216ms (next.js: 63ms, proxy.ts: 20ms, application-code: 133ms)
 GET /cotizaciones/cmq79547x00016wu65yh7vuv8 200 in 205ms (next.js: 121ms, proxy.ts: 4ms, application-code: 81ms)
 GET /cotizaciones/cmq79547x00016wu65yh7vuv8 200 in 214ms (next.js: 100ms, proxy.ts: 14ms, application-code: 100ms)
 GET /cotizaciones/cmq79547x00016wu65yh7vuv8 200 in 218ms (next.js: 59ms, proxy.ts: 15ms, application-code: 144ms)
 GET /cotizaciones/cmq79547x00016wu65yh7vuv8 200 in 288ms (next.js: 77ms, proxy.ts: 18ms, application-code: 194ms)
 GET /cotizaciones/cmq79547x00016wu65yh7vuv8 200 in 275ms (next.js: 142ms, proxy.ts: 4ms, application-code: 128ms)
 GET /cotizaciones/cmq79547x00016wu65yh7vuv8 200 in 222ms (next.js: 81ms, proxy.ts: 25ms, application-code: 116ms)
 GET /cotizaciones/cmq79547x00016wu65yh7vuv8 200 in 224ms (next.js: 132ms, proxy.ts: 26ms, application-code: 66ms)
 GET /cotizaciones/cmq79547x00016wu65yh7vuv8 200 in 180ms (next.js: 59ms, proxy.ts: 14ms, application-code: 107ms)
 GET /cotizaciones/cmq79547x00016wu65yh7vuv8 200 in 181ms (next.js: 101ms, proxy.ts: 14ms, application-code: 66ms)
 GET /cotizaciones/cmq79547x00016wu65yh7vuv8 200 in 199ms (next.js: 74ms, proxy.ts: 22ms, application-code: 103ms)
 GET /cotizaciones/cmq79547x00016wu65yh7vuv8 200 in 200ms (next.js: 119ms, proxy.ts: 21ms, application-code: 59ms)
✓ Compiled in 130ms
 GET /cotizaciones/cmq79547x00016wu65yh7vuv8 200 in 293ms (next.js: 85ms, proxy.ts: 19ms, application-code: 189ms)
 GET /cotizaciones/cmq79547x00016wu65yh7vuv8 200 in 295ms (next.js: 140ms, proxy.ts: 20ms, application-code: 134ms)
 GET /sw.js 404 in 94ms (next.js: 14ms, proxy.ts: 3ms, application-code: 78ms)
 GET /cotizaciones/cmq79547x00016wu65yh7vuv8 200 in 260ms (next.js: 86ms, proxy.ts: 25ms, application-code: 149ms)
 GET /cotizaciones/cmq79547x00016wu65yh7vuv8 200 in 241ms (next.js: 150ms, proxy.ts: 7ms, application-code: 83ms)
 GET /sw.js 404 in 91ms (next.js: 15ms, proxy.ts: 3ms, application-code: 73ms)
 GET /cotizaciones/cmq79547x00016wu65yh7vuv8 200 in 278ms (next.js: 77ms, proxy.ts: 19ms, application-code: 182ms)
 GET /cotizaciones/cmq79547x00016wu65yh7vuv8 200 in 261ms (next.js: 126ms, proxy.ts: 7ms, application-code: 128ms)
 GET /sw.js 404 in 78ms (next.js: 13ms, proxy.ts: 4ms, application-code: 61ms)
 GET /cotizaciones/cmq79547x00016wu65yh7vuv8 200 in 217ms (next.js: 20ms, proxy.ts: 8ms, application-code: 188ms)
 GET /cotizaciones/cmq79547x00016wu65yh7vuv8 200 in 398ms (next.js: 129ms, proxy.ts: 21ms, application-code: 248ms)
 GET /cotizaciones/cmq79547x00016wu65yh7vuv8 200 in 216ms (next.js: 83ms, proxy.ts: 9ms, application-code: 124ms)
 GET /cotizaciones/cmq79547x00016wu65yh7vuv8 200 in 404ms (next.js: 78ms, proxy.ts: 22ms, application-code: 304ms)
 GET /sw.js 404 in 106ms (next.js: 19ms, proxy.ts: 6ms, application-code: 80ms)
 GET /cotizaciones/cmq79547x00016wu65yh7vuv8 200 in 227ms (next.js: 19ms, proxy.ts: 8ms, application-code: 200ms)
 GET /cotizaciones/cmq79547x00016wu65yh7vuv8 200 in 225ms (next.js: 57ms, proxy.ts: 6ms, application-code: 162ms)
 GET /cotizaciones/cmq79547x00016wu65yh7vuv8 200 in 406ms (next.js: 74ms, proxy.ts: 22ms, application-code: 310ms)
 GET /cotizaciones/cmq79547x00016wu65yh7vuv8 200 in 406ms (next.js: 124ms, proxy.ts: 21ms, application-code: 260ms)
 GET /cotizaciones/cmq79547x00016wu65yh7vuv8 200 in 194ms (next.js: 13ms, proxy.ts: 7ms, application-code: 173ms)
 GET /cotizaciones/cmq79547x00016wu65yh7vuv8 200 in 367ms (next.js: 119ms, proxy.ts: 17ms, application-code: 231ms)
 GET /cotizaciones/cmq79547x00016wu65yh7vuv8 200 in 199ms (next.js: 37ms, proxy.ts: 4ms, application-code: 158ms)
 GET /cotizaciones/cmq79547x00016wu65yh7vuv8 200 in 373ms (next.js: 75ms, proxy.ts: 18ms, application-code: 281ms)
 GET /cotizaciones/cmq79547x00016wu65yh7vuv8 200 in 313ms (next.js: 95ms, proxy.ts: 22ms, application-code: 196ms)
 GET /cotizaciones/cmq79547x00016wu65yh7vuv8 200 in 314ms (next.js: 151ms, proxy.ts: 22ms, application-code: 140ms)
 GET /cotizaciones/cmq79547x00016wu65yh7vuv8 200 in 326ms (next.js: 97ms, proxy.ts: 20ms, application-code: 209ms)
 GET /cotizaciones/cmq79547x00016wu65yh7vuv8 200 in 312ms (next.js: 166ms, proxy.ts: 6ms, application-code: 140ms)
 GET /sw.js 404 in 66ms (next.js: 13ms, proxy.ts: 3ms, application-code: 50ms)
✓ Compiled in 65ms
 GET /cotizaciones/cmq79547x00016wu65yh7vuv8 200 in 476ms (next.js: 55ms, proxy.ts: 25ms, application-code: 396ms)
 GET /cotizaciones/cmq79547x00016wu65yh7vuv8 200 in 476ms (next.js: 85ms, proxy.ts: 24ms, application-code: 367ms)
 GET /cotizaciones/cmq79547x00016wu65yh7vuv8 200 in 474ms (next.js: 168ms, proxy.ts: 22ms, application-code: 284ms)
 GET /cotizaciones/cmq79547x00016wu65yh7vuv8 200 in 475ms (next.js: 191ms, proxy.ts: 21ms, application-code: 262ms)
 GET /cotizaciones/cmq79547x00016wu65yh7vuv8 200 in 481ms (next.js: 114ms, proxy.ts: 23ms, application-code: 344ms)
 GET /cotizaciones/cmq79547x00016wu65yh7vuv8 200 in 835ms (next.js: 77ms, proxy.ts: 22ms, application-code: 736ms)
 GET /cotizaciones/cmq79547x00016wu65yh7vuv8 200 in 492ms (next.js: 146ms, proxy.ts: 23ms, application-code: 324ms)
 GET /cotizaciones/cmq79547x00016wu65yh7vuv8 200 in 487ms (next.js: 242ms, proxy.ts: 19ms, application-code: 226ms)
 GET /cotizaciones/cmq79547x00016wu65yh7vuv8 200 in 658ms (next.js: 51ms, proxy.ts: 8ms, application-code: 599ms)
 GET /cotizaciones/cmq79547x00016wu65yh7vuv8 200 in 493ms (next.js: 218ms, proxy.ts: 21ms, application-code: 254ms)
 GET /cotizaciones/cmq79547x00016wu65yh7vuv8 200 in 842ms (next.js: 125ms, proxy.ts: 21ms, application-code: 696ms)
 GET /cotizaciones/cmq79547x00016wu65yh7vuv8 200 in 665ms (next.js: 17ms, proxy.ts: 9ms, application-code: 639ms)
 GET /cotizaciones/cmq79547x00016wu65yh7vuv8 200 in 480ms (next.js: 81ms, proxy.ts: 24ms, application-code: 375ms)
 GET /cotizaciones/cmq79547x00016wu65yh7vuv8 200 in 485ms (next.js: 49ms, proxy.ts: 26ms, application-code: 410ms)
 GET /cotizaciones/cmq79547x00016wu65yh7vuv8 200 in 482ms (next.js: 121ms, proxy.ts: 23ms, application-code: 338ms)
 GET /cotizaciones/cmq79547x00016wu65yh7vuv8 200 in 483ms (next.js: 145ms, proxy.ts: 30ms, application-code: 308ms)
 GET /cotizaciones/cmq79547x00016wu65yh7vuv8 200 in 467ms (next.js: 200ms, proxy.ts: 16ms, application-code: 251ms)
 GET /cotizaciones/cmq79547x00016wu65yh7vuv8 200 in 464ms (next.js: 232ms, proxy.ts: 15ms, application-code: 216ms)
 GET /cotizaciones/cmq79547x00016wu65yh7vuv8 200 in 465ms (next.js: 283ms, proxy.ts: 15ms, application-code: 167ms)
 GET /cotizaciones/cmq79547x00016wu65yh7vuv8 200 in 464ms (next.js: 336ms, proxy.ts: 14ms, application-code: 114ms)
 GET /cotizaciones/cmq79547x00016wu65yh7vuv8 200 in 349ms (next.js: 76ms, proxy.ts: 21ms, application-code: 251ms)
 GET /cotizaciones/cmq79547x00016wu65yh7vuv8 200 in 349ms (next.js: 178ms, proxy.ts: 20ms, application-code: 151ms)
 GET /cotizaciones/cmq79547x00016wu65yh7vuv8 200 in 128ms (next.js: 23ms, proxy.ts: 16ms, application-code: 88ms)
 GET /cotizaciones/cmq79547x00016wu65yh7vuv8 200 in 124ms (next.js: 43ms, proxy.ts: 17ms, application-code: 65ms)
 GET /cotizaciones/cmq79547x00016wu65yh7vuv8 200 in 305ms (next.js: 81ms, proxy.ts: 18ms, application-code: 206ms)
 GET /cotizaciones/cmq79547x00016wu65yh7vuv8 200 in 306ms (next.js: 128ms, proxy.ts: 16ms, application-code: 161ms)
 GET /cotizaciones/cmq79547x00016wu65yh7vuv8 200 in 130ms (next.js: 52ms, proxy.ts: 17ms, application-code: 61ms)
 GET /cotizaciones/cmq79547x00016wu65yh7vuv8 200 in 134ms (next.js: 25ms, proxy.ts: 17ms, application-code: 91ms)
 GET /cotizaciones/cmq79547x00016wu65yh7vuv8 200 in 325ms (next.js: 99ms, proxy.ts: 21ms, application-code: 205ms)
 GET /cotizaciones/cmq79547x00016wu65yh7vuv8 200 in 325ms (next.js: 155ms, proxy.ts: 20ms, application-code: 151ms)
 GET /cotizaciones/cmq79547x00016wu65yh7vuv8 200 in 129ms (next.js: 29ms, proxy.ts: 16ms, application-code: 84ms)
 GET /cotizaciones/cmq79547x00016wu65yh7vuv8 200 in 125ms (next.js: 45ms, proxy.ts: 20ms, application-code: 61ms)
 GET /cotizaciones/cmq79547x00016wu65yh7vuv8 200 in 390ms (next.js: 149ms, proxy.ts: 14ms, application-code: 227ms)
 GET /cotizaciones/cmq79547x00016wu65yh7vuv8 200 in 415ms (next.js: 94ms, proxy.ts: 15ms, application-code: 306ms)
 GET /cotizaciones/cmq79547x00016wu65yh7vuv8 200 in 219ms (next.js: 32ms, proxy.ts: 25ms, application-code: 162ms)
 GET /cotizaciones/cmq79547x00016wu65yh7vuv8 200 in 212ms (next.js: 107ms, proxy.ts: 17ms, application-code: 88ms)
 GET /sw.js 404 in 72ms (next.js: 14ms, proxy.ts: 4ms, application-code: 54ms)
 GET /cotizaciones/cmq79547x00016wu65yh7vuv8 200 in 223ms (next.js: 72ms, proxy.ts: 18ms, application-code: 133ms)
 GET /cotizaciones/cmq79547x00016wu65yh7vuv8 200 in 206ms (next.js: 117ms, proxy.ts: 4ms, application-code: 85ms)
 GET /cotizaciones/cmq79547x00016wu65yh7vuv8 200 in 242ms (next.js: 171ms, proxy.ts: 24ms, application-code: 47ms)
 GET /cotizaciones/cmq79547x00016wu65yh7vuv8 200 in 245ms (next.js: 131ms, proxy.ts: 20ms, application-code: 94ms)
 GET /cotizaciones/cmq79547x00016wu65yh7vuv8 200 in 294ms (next.js: 93ms, proxy.ts: 20ms, application-code: 181ms)
 GET /cotizaciones/cmq79547x00016wu65yh7vuv8 200 in 281ms (next.js: 181ms, proxy.ts: 6ms, application-code: 94ms)
 GET /cotizaciones/cmq79547x00016wu65yh7vuv8 200 in 318ms (next.js: 76ms, proxy.ts: 20ms, application-code: 222ms)
 GET /cotizaciones/cmq79547x00016wu65yh7vuv8 200 in 303ms (next.js: 136ms, proxy.ts: 5ms, application-code: 162ms)
 GET /cotizaciones/cmq79547x00016wu65yh7vuv8 200 in 222ms (next.js: 75ms, proxy.ts: 20ms, application-code: 127ms)
 GET /cotizaciones/cmq79547x00016wu65yh7vuv8 200 in 226ms (next.js: 135ms, proxy.ts: 21ms, application-code: 69ms)
 GET /cotizaciones/cmq79547x00016wu65yh7vuv8 200 in 211ms (next.js: 132ms, proxy.ts: 21ms, application-code: 59ms)
 GET /cotizaciones/cmq79547x00016wu65yh7vuv8 200 in 215ms (next.js: 78ms, proxy.ts: 21ms, application-code: 116ms)
 GET /cotizaciones/cmq79547x00016wu65yh7vuv8 200 in 244ms (next.js: 81ms, proxy.ts: 21ms, application-code: 142ms)
 GET /cotizaciones/cmq79547x00016wu65yh7vuv8 200 in 251ms (next.js: 139ms, proxy.ts: 20ms, application-code: 91ms)
 GET /sw.js 404 in 74ms (next.js: 14ms, proxy.ts: 3ms, application-code: 57ms)
 GET /cotizaciones/cmq79547x00016wu65yh7vuv8 200 in 479ms (next.js: 12ms, proxy.ts: 4ms, application-code: 463ms)
 GET /sw.js 404 in 38ms (next.js: 5ms, proxy.ts: 3ms, application-code: 29ms)
 GET /api/export/pdf/cmq79547x00016wu65yh7vuv8 200 in 302ms (next.js: 44ms, proxy.ts: 3ms, application-code: 254ms)
 GET /cotizaciones/cmq79547x00016wu65yh7vuv8 200 in 103ms (next.js: 13ms, proxy.ts: 3ms, application-code: 87ms)
 GET /sw.js 404 in 34ms (next.js: 5ms, proxy.ts: 3ms, application-code: 25ms)
 GET /sw.js 404 in 42ms (next.js: 7ms, proxy.ts: 4ms, application-code: 30ms)
✓ Compiled in 31ms
 GET /cotizaciones/cmq79547x00016wu65yh7vuv8 200 in 904ms (next.js: 74ms, proxy.ts: 19ms, application-code: 811ms)
 GET /cotizaciones/cmq79547x00016wu65yh7vuv8 200 in 691ms (next.js: 69ms, proxy.ts: 8ms, application-code: 614ms)
 GET /cotizaciones/cmq79547x00016wu65yh7vuv8 200 in 700ms (next.js: 25ms, proxy.ts: 9ms, application-code: 666ms)
 GET /cotizaciones/cmq79547x00016wu65yh7vuv8 200 in 916ms (next.js: 147ms, proxy.ts: 18ms, application-code: 751ms)
 GET /cotizaciones/cmq79547x00016wu65yh7vuv8 200 in 570ms (next.js: 121ms, proxy.ts: 32ms, application-code: 417ms)
 GET /cotizaciones/cmq79547x00016wu65yh7vuv8 200 in 576ms (next.js: 89ms, proxy.ts: 34ms, application-code: 453ms)
 GET /cotizaciones/cmq79547x00016wu65yh7vuv8 200 in 569ms (next.js: 199ms, proxy.ts: 30ms, application-code: 340ms)
 GET /cotizaciones/cmq79547x00016wu65yh7vuv8 200 in 572ms (next.js: 155ms, proxy.ts: 30ms, application-code: 387ms)
 GET /cotizaciones/cmq79547x00016wu65yh7vuv8 200 in 563ms (next.js: 205ms, proxy.ts: 40ms, application-code: 318ms)
 GET /cotizaciones/cmq79547x00016wu65yh7vuv8 200 in 561ms (next.js: 226ms, proxy.ts: 38ms, application-code: 297ms)
 GET /cotizaciones/cmq79547x00016wu65yh7vuv8 200 in 561ms (next.js: 248ms, proxy.ts: 38ms, application-code: 275ms)
 GET /cotizaciones/cmq79547x00016wu65yh7vuv8 200 in 561ms (next.js: 267ms, proxy.ts: 37ms, application-code: 257ms)
 GET /cotizaciones/cmq79547x00016wu65yh7vuv8 200 in 867ms (next.js: 147ms, proxy.ts: 26ms, application-code: 694ms)
 GET /cotizaciones/cmq79547x00016wu65yh7vuv8 200 in 918ms (next.js: 114ms, proxy.ts: 26ms, application-code: 778ms)
 GET /cotizaciones/cmq79547x00016wu65yh7vuv8 200 in 928ms (next.js: 173ms, proxy.ts: 25ms, application-code: 730ms)
 GET /cotizaciones/cmq79547x00016wu65yh7vuv8 200 in 1002ms (next.js: 196ms, proxy.ts: 27ms, application-code: 780ms)
 GET /cotizaciones/cmq79547x00016wu65yh7vuv8 200 in 1083ms (next.js: 221ms, proxy.ts: 27ms, application-code: 835ms)
 GET /cotizaciones/cmq79547x00016wu65yh7vuv8 200 in 1110ms (next.js: 296ms, proxy.ts: 44ms, application-code: 770ms)
 GET /cotizaciones/cmq79547x00016wu65yh7vuv8 200 in 1155ms (next.js: 344ms, proxy.ts: 34ms, application-code: 777ms)
 GET /cotizaciones/cmq79547x00016wu65yh7vuv8 200 in 1211ms (next.js: 391ms, proxy.ts: 32ms, application-code: 788ms)
 GET /cotizaciones/cmq79547x00016wu65yh7vuv8 200 in 1239ms (next.js: 481ms, proxy.ts: 36ms, application-code: 722ms)
 GET /cotizaciones/cmq79547x00016wu65yh7vuv8 200 in 1276ms (next.js: 531ms, proxy.ts: 33ms, application-code: 711ms)
 GET /cotizaciones/cmq79547x00016wu65yh7vuv8 200 in 1319ms (next.js: 643ms, proxy.ts: 31ms, application-code: 645ms)
 GET /cotizaciones/cmq79547x00016wu65yh7vuv8 200 in 1370ms (next.js: 570ms, proxy.ts: 32ms, application-code: 768ms)
 GET /cotizaciones/cmq79547x00016wu65yh7vuv8 200 in 449ms (next.js: 191ms, proxy.ts: 190ms, application-code: 68ms)
 GET /cotizaciones/cmq79547x00016wu65yh7vuv8 200 in 482ms (next.js: 214ms, proxy.ts: 189ms, application-code: 79ms)
 GET /sw.js 404 in 69ms (next.js: 15ms, proxy.ts: 3ms, application-code: 51ms)
 GET /cotizaciones/cmq79547x00016wu65yh7vuv8 200 in 385ms (next.js: 13ms, proxy.ts: 4ms, application-code: 368ms)
 GET /sw.js 404 in 33ms (next.js: 5ms, proxy.ts: 4ms, application-code: 24ms)
 GET /cotizaciones/cmq79547x00016wu65yh7vuv8 200 in 83ms (next.js: 10ms, proxy.ts: 3ms, application-code: 71ms)
 GET /sw.js 404 in 48ms (next.js: 5ms, proxy.ts: 5ms, application-code: 37ms)
 GET /api/export/pdf/cmq79547x00016wu65yh7vuv8 200 in 278ms (next.js: 46ms, proxy.ts: 3ms, application-code: 229ms)
 GET / 200 in 85ms (next.js: 26ms, proxy.ts: 3ms, application-code: 55ms)
 GET /cotizaciones 200 in 79ms (next.js: 28ms, proxy.ts: 3ms, application-code: 48ms)
 GET /cotizaciones/cmq79547x00016wu65yh7vuv8 200 in 49ms (next.js: 10ms, proxy.ts: 3ms, application-code: 37ms)
 GET /cotizaciones/cmq79547x00016wu65yh7vuv8/editar 200 in 506ms (next.js: 444ms, proxy.ts: 3ms, application-code: 59ms)
 GET /sw.js 404 in 35ms (next.js: 4ms, proxy.ts: 3ms, application-code: 28ms)
 PUT /api/cotizaciones/cmq79547x00016wu65yh7vuv8 400 in 860ms (next.js: 844ms, proxy.ts: 4ms, application-code: 12ms)
 POST /api/export/pdf 200 in 262ms (next.js: 27ms, proxy.ts: 4ms, application-code: 231ms)
 GET /sw.js 404 in 51ms (next.js: 8ms, proxy.ts: 4ms, application-code: 39ms)
 GET /cotizaciones/cmq79547x00016wu65yh7vuv8/editar 200 in 430ms (next.js: 166ms, proxy.ts: 38ms, application-code: 225ms)
 GET /cotizaciones/cmq79547x00016wu65yh7vuv8 200 in 211ms (next.js: 18ms, proxy.ts: 8ms, application-code: 185ms)
 GET /cotizaciones/cmq79547x00016wu65yh7vuv8 200 in 503ms (next.js: 95ms, proxy.ts: 39ms, application-code: 370ms)
 GET /cotizaciones/cmq79547x00016wu65yh7vuv8/editar 200 in 253ms (next.js: 46ms, proxy.ts: 6ms, application-code: 201ms)
 GET /sw.js 404 in 61ms (next.js: 12ms, proxy.ts: 2ms, application-code: 46ms)
✓ Compiled in 70ms
 GET /cotizaciones/cmq79547x00016wu65yh7vuv8 200 in 394ms (next.js: 72ms, proxy.ts: 21ms, application-code: 301ms)
 GET /cotizaciones/cmq79547x00016wu65yh7vuv8/editar 200 in 377ms (next.js: 189ms, proxy.ts: 4ms, application-code: 184ms)
 GET /sw.js 404 in 75ms (next.js: 14ms, proxy.ts: 3ms, application-code: 58ms)
 POST /api/export/pdf 200 in 275ms (next.js: 25ms, proxy.ts: 4ms, application-code: 246ms)
 GET /cotizaciones/cmq79547x00016wu65yh7vuv8/editar 200 in 345ms (next.js: 10ms, proxy.ts: 3ms, application-code: 332ms)
 POST /api/export/pdf 200 in 282ms (next.js: 3ms, proxy.ts: 5ms, application-code: 273ms)
 GET /sw.js 404 in 39ms (next.js: 5ms, proxy.ts: 5ms, application-code: 29ms)
 GET /cotizaciones/cmq79547x00016wu65yh7vuv8/editar 200 in 386ms (next.js: 163ms, proxy.ts: 20ms, application-code: 203ms)
 GET /cotizaciones/cmq79547x00016wu65yh7vuv8 200 in 213ms (next.js: 18ms, proxy.ts: 10ms, application-code: 186ms)
 GET /cotizaciones/cmq79547x00016wu65yh7vuv8/editar 200 in 209ms (next.js: 43ms, proxy.ts: 6ms, application-code: 160ms)
 GET /cotizaciones/cmq79547x00016wu65yh7vuv8 200 in 449ms (next.js: 90ms, proxy.ts: 21ms, application-code: 337ms)
 GET /cotizaciones/cmq79547x00016wu65yh7vuv8 200 in 427ms (next.js: 67ms, proxy.ts: 18ms, application-code: 342ms)
 GET /cotizaciones/cmq79547x00016wu65yh7vuv8/editar 200 in 474ms (next.js: 125ms, proxy.ts: 17ms, application-code: 331ms)
 GET /cotizaciones/cmq79547x00016wu65yh7vuv8 200 in 289ms (next.js: 23ms, proxy.ts: 12ms, application-code: 254ms)
 GET /cotizaciones/cmq79547x00016wu65yh7vuv8/editar 200 in 282ms (next.js: 64ms, proxy.ts: 7ms, application-code: 211ms)
 GET /cotizaciones/cmq79547x00016wu65yh7vuv8/editar 200 in 319ms (next.js: 120ms, proxy.ts: 15ms, application-code: 184ms)
 GET /cotizaciones/cmq79547x00016wu65yh7vuv8 200 in 154ms (next.js: 16ms, proxy.ts: 9ms, application-code: 129ms)
 GET /cotizaciones/cmq79547x00016wu65yh7vuv8 200 in 350ms (next.js: 68ms, proxy.ts: 16ms, application-code: 266ms)
 GET /cotizaciones/cmq79547x00016wu65yh7vuv8/editar 200 in 161ms (next.js: 41ms, proxy.ts: 7ms, application-code: 114ms)
 GET /cotizaciones/cmq79547x00016wu65yh7vuv8 200 in 373ms (next.js: 124ms, proxy.ts: 24ms, application-code: 224ms)
 GET /cotizaciones/cmq79547x00016wu65yh7vuv8/editar 200 in 430ms (next.js: 55ms, proxy.ts: 26ms, application-code: 349ms)
 GET /cotizaciones/cmq79547x00016wu65yh7vuv8 200 in 239ms (next.js: 56ms, proxy.ts: 9ms, application-code: 173ms)
 GET /cotizaciones/cmq79547x00016wu65yh7vuv8/editar 200 in 248ms (next.js: 22ms, proxy.ts: 9ms, application-code: 217ms)
 GET /cotizaciones/cmq79547x00016wu65yh7vuv8/editar 200 in 315ms (next.js: 154ms, proxy.ts: 4ms, application-code: 157ms)
 GET /cotizaciones/cmq79547x00016wu65yh7vuv8 200 in 332ms (next.js: 74ms, proxy.ts: 15ms, application-code: 242ms)
 GET /cotizaciones/cmq79547x00016wu65yh7vuv8/editar 200 in 280ms (next.js: 77ms, proxy.ts: 17ms, application-code: 186ms)
 GET /cotizaciones/cmq79547x00016wu65yh7vuv8 200 in 267ms (next.js: 154ms, proxy.ts: 4ms, application-code: 110ms)
 GET /cotizaciones/cmq79547x00016wu65yh7vuv8/editar 200 in 298ms (next.js: 96ms, proxy.ts: 13ms, application-code: 189ms)
 GET /cotizaciones/cmq79547x00016wu65yh7vuv8 200 in 289ms (next.js: 177ms, proxy.ts: 4ms, application-code: 109ms)
 GET /cotizaciones/cmq79547x00016wu65yh7vuv8 200 in 360ms (next.js: 139ms, proxy.ts: 5ms, application-code: 216ms)
 GET /cotizaciones/cmq79547x00016wu65yh7vuv8/editar 200 in 374ms (next.js: 63ms, proxy.ts: 14ms, application-code: 298ms)
 GET /cotizaciones/cmq79547x00016wu65yh7vuv8 200 in 208ms (next.js: 122ms, proxy.ts: 4ms, application-code: 81ms)
 GET /cotizaciones/cmq79547x00016wu65yh7vuv8/editar 200 in 222ms (next.js: 56ms, proxy.ts: 14ms, application-code: 151ms)
 GET /cotizaciones/cmq79547x00016wu65yh7vuv8/editar 200 in 247ms (next.js: 56ms, proxy.ts: 13ms, application-code: 177ms)
 GET /cotizaciones/cmq79547x00016wu65yh7vuv8 200 in 238ms (next.js: 130ms, proxy.ts: 4ms, application-code: 104ms)
 GET / 200 in 87ms (next.js: 18ms, proxy.ts: 3ms, application-code: 66ms)
 GET / 200 in 256ms (next.js: 4ms, proxy.ts: 12ms, application-code: 239ms)
 GET /cotizaciones/cmq79547x00016wu65yh7vuv8 200 in 57ms (next.js: 9ms, proxy.ts: 3ms, application-code: 45ms)
 PATCH /api/cotizaciones/cmq79547x00016wu65yh7vuv8/precio 200 in 735ms (next.js: 683ms, proxy.ts: 5ms, application-code: 47ms)
 PATCH /api/cotizaciones/cmq79547x00016wu65yh7vuv8/precio 200 in 825ms (next.js: 769ms, proxy.ts: 5ms, application-code: 51ms)
 PATCH /api/cotizaciones/cmq79547x00016wu65yh7vuv8/precio 200 in 23ms (next.js: 9ms, proxy.ts: 4ms, application-code: 10ms)
 PATCH /api/cotizaciones/cmq79547x00016wu65yh7vuv8/precio 200 in 19ms (next.js: 5ms, proxy.ts: 3ms, application-code: 11ms)
 GET /api/export/pdf/cmq79547x00016wu65yh7vuv8 200 in 312ms (next.js: 48ms, proxy.ts: 3ms, application-code: 261ms)
 GET /api/export/pdf/cmq79547x00016wu65yh7vuv8 200 in 249ms (next.js: 9ms, proxy.ts: 3ms, application-code: 236ms)
 GET /api/export/pdf/cmq79547x00016wu65yh7vuv8 200 in 238ms (next.js: 9ms, proxy.ts: 3ms, application-code: 226ms)
 GET / 200 in 46ms (next.js: 3ms, proxy.ts: 3ms, application-code: 40ms)
 GET /cotizaciones/cmpxuscwh0000pku6sxkqo3a8 200 in 60ms (next.js: 9ms, proxy.ts: 3ms, application-code: 48ms)
 GET / 200 in 40ms (next.js: 2ms, proxy.ts: 3ms, application-code: 35ms)
 GET /cotizaciones/cmq79547x00016wu65yh7vuv8 200 in 54ms (next.js: 10ms, proxy.ts: 3ms, application-code: 41ms)
 GET /cotizaciones/cmq79547x00016wu65yh7vuv8 200 in 108ms (next.js: 9ms, proxy.ts: 3ms, application-code: 96ms)
 PATCH /api/cotizaciones/cmq79547x00016wu65yh7vuv8/precio 200 in 25ms (next.js: 9ms, proxy.ts: 5ms, application-code: 12ms)
 GET /api/export/pdf/cmq79547x00016wu65yh7vuv8 200 in 213ms (next.js: 9ms, proxy.ts: 3ms, application-code: 201ms)
 GET /cotizaciones/cmq79547x00016wu65yh7vuv8/editar 200 in 119ms (next.js: 11ms, proxy.ts: 5ms, application-code: 103ms)
 PUT /api/cotizaciones/cmq79547x00016wu65yh7vuv8 500 in 302ms (next.js: 78ms, proxy.ts: 3ms, application-code: 222ms)
 PUT /api/cotizaciones/cmq79547x00016wu65yh7vuv8 500 in 122ms (next.js: 10ms, proxy.ts: 3ms, application-code: 109ms)
 PUT /api/cotizaciones/cmq79547x00016wu65yh7vuv8 500 in 171ms (next.js: 10ms, proxy.ts: 5ms, application-code: 155ms)
 POST /api/export/pdf 200 in 543ms (next.js: 34ms, proxy.ts: 3ms, application-code: 506ms)
 GET /sw.js 404 in 41ms (next.js: 13ms, proxy.ts: 3ms, application-code: 25ms)
 GET /sw.js 404 in 30ms (next.js: 4ms, proxy.ts: 3ms, application-code: 23ms)
 GET /cotizaciones/cmq79547x00016wu65yh7vuv8/editar 200 in 458ms (next.js: 185ms, proxy.ts: 34ms, application-code: 239ms)
 GET /cotizaciones/cmq79547x00016wu65yh7vuv8 200 in 256ms (next.js: 22ms, proxy.ts: 9ms, application-code: 225ms)
 GET /cotizaciones/cmq79547x00016wu65yh7vuv8 200 in 537ms (next.js: 95ms, proxy.ts: 35ms, application-code: 406ms)
 GET /cotizaciones/cmq79547x00016wu65yh7vuv8/editar 200 in 256ms (next.js: 55ms, proxy.ts: 9ms, application-code: 192ms)
 GET /cotizaciones/cmq79547x00016wu65yh7vuv8/editar 200 in 410ms (next.js: 157ms, proxy.ts: 16ms, application-code: 237ms)
 GET /cotizaciones/cmq79547x00016wu65yh7vuv8 200 in 421ms (next.js: 79ms, proxy.ts: 17ms, application-code: 324ms)
 GET /cotizaciones/cmq79547x00016wu65yh7vuv8 200 in 192ms (next.js: 29ms, proxy.ts: 36ms, application-code: 127ms)
 GET /cotizaciones/cmq79547x00016wu65yh7vuv8/editar 200 in 165ms (next.js: 62ms, proxy.ts: 14ms, application-code: 89ms)
✓ Compiled in 72ms
 GET /cotizaciones/cmq79547x00016wu65yh7vuv8/editar 200 in 524ms (next.js: 218ms, proxy.ts: 17ms, application-code: 289ms)
 GET /cotizaciones/cmq79547x00016wu65yh7vuv8 200 in 318ms (next.js: 25ms, proxy.ts: 12ms, application-code: 282ms)
 GET /cotizaciones/cmq79547x00016wu65yh7vuv8 200 in 623ms (next.js: 72ms, proxy.ts: 16ms, application-code: 535ms)
 GET /cotizaciones/cmq79547x00016wu65yh7vuv8/editar 200 in 321ms (next.js: 69ms, proxy.ts: 10ms, application-code: 242ms)
✓ Compiled in 66ms
 GET /cotizaciones/cmq79547x00016wu65yh7vuv8 200 in 324ms (next.js: 191ms, proxy.ts: 26ms, application-code: 108ms)
 GET /cotizaciones/cmq79547x00016wu65yh7vuv8/editar 200 in 329ms (next.js: 107ms, proxy.ts: 25ms, application-code: 197ms)
✓ Compiled in 56ms
 GET /cotizaciones/cmq79547x00016wu65yh7vuv8 200 in 391ms (next.js: 104ms, proxy.ts: 32ms, application-code: 256ms)
 GET /cotizaciones/cmq79547x00016wu65yh7vuv8/editar 200 in 374ms (next.js: 233ms, proxy.ts: 16ms, application-code: 125ms)
✓ Compiled in 52ms
 GET /cotizaciones/cmq79547x00016wu65yh7vuv8 200 in 367ms (next.js: 111ms, proxy.ts: 19ms, application-code: 237ms)
 GET /cotizaciones/cmq79547x00016wu65yh7vuv8/editar 200 in 369ms (next.js: 247ms, proxy.ts: 20ms, application-code: 101ms)
✓ Compiled in 44ms
 GET /cotizaciones/cmq79547x00016wu65yh7vuv8 200 in 379ms (next.js: 93ms, proxy.ts: 22ms, application-code: 264ms)
 GET /cotizaciones/cmq79547x00016wu65yh7vuv8/editar 200 in 379ms (next.js: 254ms, proxy.ts: 21ms, application-code: 104ms)
 GET /cotizaciones/cmq79547x00016wu65yh7vuv8 200 in 291ms (next.js: 172ms, proxy.ts: 16ms, application-code: 103ms)
 GET /cotizaciones/cmq79547x00016wu65yh7vuv8/editar 200 in 296ms (next.js: 93ms, proxy.ts: 16ms, application-code: 187ms)
 GET /cotizaciones/cmq79547x00016wu65yh7vuv8 200 in 339ms (next.js: 214ms, proxy.ts: 18ms, application-code: 107ms)
 GET /cotizaciones/cmq79547x00016wu65yh7vuv8/editar 200 in 343ms (next.js: 102ms, proxy.ts: 19ms, application-code: 222ms)
✓ Compiled in 33ms
 GET /cotizaciones/cmq79547x00016wu65yh7vuv8/editar 200 in 570ms (next.js: 117ms, proxy.ts: 18ms, application-code: 434ms)
 GET /cotizaciones/cmq79547x00016wu65yh7vuv8 200 in 571ms (next.js: 202ms, proxy.ts: 17ms, application-code: 351ms)
 GET /cotizaciones/cmq79547x00016wu65yh7vuv8 200 in 290ms (next.js: 70ms, proxy.ts: 12ms, application-code: 208ms)
 GET /cotizaciones/cmq79547x00016wu65yh7vuv8/editar 200 in 309ms (next.js: 35ms, proxy.ts: 20ms, application-code: 254ms)
 GET /cotizaciones/cmq79547x00016wu65yh7vuv8/editar 200 in 505ms (next.js: 240ms, proxy.ts: 31ms, application-code: 235ms)
 GET /cotizaciones/cmq79547x00016wu65yh7vuv8 200 in 217ms (next.js: 26ms, proxy.ts: 9ms, application-code: 182ms)
 GET /cotizaciones/cmq79547x00016wu65yh7vuv8 200 in 552ms (next.js: 135ms, proxy.ts: 32ms, application-code: 384ms)
 GET /cotizaciones/cmq79547x00016wu65yh7vuv8/editar 200 in 216ms (next.js: 50ms, proxy.ts: 7ms, application-code: 159ms)
 GET /cotizaciones/cmq79547x00016wu65yh7vuv8/editar 200 in 496ms (next.js: 130ms, proxy.ts: 22ms, application-code: 344ms)
 GET /cotizaciones/cmq79547x00016wu65yh7vuv8 200 in 520ms (next.js: 241ms, proxy.ts: 21ms, application-code: 257ms)
 GET /cotizaciones/cmq79547x00016wu65yh7vuv8 200 in 195ms (next.js: 72ms, proxy.ts: 19ms, application-code: 104ms)
 GET /cotizaciones/cmq79547x00016wu65yh7vuv8/editar 200 in 208ms (next.js: 33ms, proxy.ts: 23ms, application-code: 151ms)
 GET /cotizaciones/cmq79547x00016wu65yh7vuv8/editar 200 in 375ms (next.js: 169ms, proxy.ts: 19ms, application-code: 188ms)
 GET /cotizaciones/cmq79547x00016wu65yh7vuv8 200 in 380ms (next.js: 102ms, proxy.ts: 20ms, application-code: 259ms)
 GET /cotizaciones/cmq79547x00016wu65yh7vuv8 200 in 152ms (next.js: 22ms, proxy.ts: 16ms, application-code: 115ms)
 GET /cotizaciones/cmq79547x00016wu65yh7vuv8/editar 200 in 153ms (next.js: 49ms, proxy.ts: 15ms, application-code: 89ms)
 GET /cotizaciones/cmq79547x00016wu65yh7vuv8/editar 200 in 356ms (next.js: 164ms, proxy.ts: 21ms, application-code: 171ms)
 GET /cotizaciones/cmq79547x00016wu65yh7vuv8 200 in 366ms (next.js: 99ms, proxy.ts: 22ms, application-code: 245ms)
 GET /cotizaciones/cmq79547x00016wu65yh7vuv8 200 in 148ms (next.js: 31ms, proxy.ts: 16ms, application-code: 101ms)
 GET /cotizaciones/cmq79547x00016wu65yh7vuv8/editar 200 in 139ms (next.js: 59ms, proxy.ts: 10ms, application-code: 71ms)
 GET /cotizaciones/cmq79547x00016wu65yh7vuv8/editar 200 in 378ms (next.js: 181ms, proxy.ts: 27ms, application-code: 170ms)
 GET /cotizaciones/cmq79547x00016wu65yh7vuv8 200 in 390ms (next.js: 105ms, proxy.ts: 29ms, application-code: 255ms)
 GET /cotizaciones/cmq79547x00016wu65yh7vuv8 200 in 143ms (next.js: 22ms, proxy.ts: 16ms, application-code: 104ms)
 GET /cotizaciones/cmq79547x00016wu65yh7vuv8/editar 200 in 133ms (next.js: 60ms, proxy.ts: 9ms, application-code: 63ms)
 GET /cotizaciones/cmq79547x00016wu65yh7vuv8 200 in 315ms (next.js: 102ms, proxy.ts: 22ms, application-code: 190ms)
 GET /cotizaciones/cmq79547x00016wu65yh7vuv8/editar 200 in 301ms (next.js: 182ms, proxy.ts: 8ms, application-code: 111ms)
 GET /cotizaciones/cmq79547x00016wu65yh7vuv8 200 in 320ms (next.js: 104ms, proxy.ts: 17ms, application-code: 200ms)
 GET /cotizaciones/cmq79547x00016wu65yh7vuv8/editar 200 in 308ms (next.js: 225ms, proxy.ts: 4ms, application-code: 80ms)
 GET /cotizaciones/cmq79547x00016wu65yh7vuv8 200 in 326ms (next.js: 105ms, proxy.ts: 14ms, application-code: 208ms)
 GET /cotizaciones/cmq79547x00016wu65yh7vuv8/editar 200 in 346ms (next.js: 204ms, proxy.ts: 4ms, application-code: 138ms)
 GET /cotizaciones/cmq79547x00016wu65yh7vuv8 200 in 286ms (next.js: 110ms, proxy.ts: 21ms, application-code: 155ms)
 GET /cotizaciones/cmq79547x00016wu65yh7vuv8/editar 200 in 287ms (next.js: 192ms, proxy.ts: 20ms, application-code: 74ms)
 GET /cotizaciones/cmq79547x00016wu65yh7vuv8 200 in 373ms (next.js: 193ms, proxy.ts: 20ms, application-code: 160ms)
 GET /cotizaciones/cmq79547x00016wu65yh7vuv8/editar 200 in 360ms (next.js: 279ms, proxy.ts: 7ms, application-code: 73ms)
 GET /cotizaciones/cmq79547x00016wu65yh7vuv8 200 in 246ms (next.js: 176ms, proxy.ts: 4ms, application-code: 66ms)
 GET /cotizaciones/cmq79547x00016wu65yh7vuv8/editar 200 in 262ms (next.js: 92ms, proxy.ts: 15ms, application-code: 155ms)
 GET /cotizaciones/cmq79547x00016wu65yh7vuv8 200 in 291ms (next.js: 97ms, proxy.ts: 16ms, application-code: 178ms)
 GET /cotizaciones/cmq79547x00016wu65yh7vuv8/editar 200 in 279ms (next.js: 163ms, proxy.ts: 4ms, application-code: 113ms)
 GET /cotizaciones/cmq79547x00016wu65yh7vuv8 200 in 624ms (next.js: 149ms, proxy.ts: 18ms, application-code: 457ms)
 GET /cotizaciones/cmq79547x00016wu65yh7vuv8/editar 200 in 625ms (next.js: 272ms, proxy.ts: 18ms, application-code: 335ms)
 GET /cotizaciones/cmq79547x00016wu65yh7vuv8 200 in 279ms (next.js: 186ms, proxy.ts: 19ms, application-code: 74ms)
 GET /cotizaciones/cmq79547x00016wu65yh7vuv8/editar 200 in 283ms (next.js: 106ms, proxy.ts: 19ms, application-code: 157ms)
 GET /cotizaciones/cmq79547x00016wu65yh7vuv8 200 in 307ms (next.js: 193ms, proxy.ts: 13ms, application-code: 102ms)
 GET /cotizaciones/cmq79547x00016wu65yh7vuv8/editar 200 in 326ms (next.js: 102ms, proxy.ts: 25ms, application-code: 199ms)
✓ Compiled in 25ms
 GET /cotizaciones/cmq79547x00016wu65yh7vuv8 200 in 936ms (next.js: 110ms, proxy.ts: 14ms, application-code: 811ms)
 GET /cotizaciones/cmq79547x00016wu65yh7vuv8 200 in 661ms (next.js: 20ms, proxy.ts: 9ms, application-code: 632ms)
 GET /cotizaciones/cmq79547x00016wu65yh7vuv8/editar 200 in 657ms (next.js: 78ms, proxy.ts: 6ms, application-code: 572ms)
 GET /cotizaciones/cmq79547x00016wu65yh7vuv8/editar 200 in 1013ms (next.js: 261ms, proxy.ts: 13ms, application-code: 739ms)
 GET /cotizaciones/cmq79547x00016wu65yh7vuv8 200 in 669ms (next.js: 151ms, proxy.ts: 63ms, application-code: 456ms)
 GET /cotizaciones/cmq79547x00016wu65yh7vuv8 200 in 677ms (next.js: 99ms, proxy.ts: 65ms, application-code: 513ms)
 GET /cotizaciones/cmq79547x00016wu65yh7vuv8 200 in 677ms (next.js: 125ms, proxy.ts: 64ms, application-code: 488ms)
 GET /cotizaciones/cmq79547x00016wu65yh7vuv8/editar 200 in 601ms (next.js: 240ms, proxy.ts: 38ms, application-code: 323ms)
 GET /cotizaciones/cmq79547x00016wu65yh7vuv8/editar 200 in 621ms (next.js: 193ms, proxy.ts: 43ms, application-code: 384ms)
 GET /cotizaciones/cmq79547x00016wu65yh7vuv8/editar 200 in 615ms (next.js: 267ms, proxy.ts: 37ms, application-code: 312ms)
 GET /cotizaciones/cmq79547x00016wu65yh7vuv8 200 in 694ms (next.js: 178ms, proxy.ts: 82ms, application-code: 434ms)
 GET /cotizaciones/cmq79547x00016wu65yh7vuv8/editar 200 in 629ms (next.js: 294ms, proxy.ts: 36ms, application-code: 299ms)
 GET /cotizaciones/cmq79547x00016wu65yh7vuv8 200 in 1177ms (next.js: 35ms, proxy.ts: 30ms, application-code: 1112ms)
 GET /cotizaciones/cmq79547x00016wu65yh7vuv8/editar 200 in 1175ms (next.js: 201ms, proxy.ts: 73ms, application-code: 901ms)
 GET /cotizaciones/cmq79547x00016wu65yh7vuv8 200 in 1179ms (next.js: 150ms, proxy.ts: 73ms, application-code: 957ms)
 GET /cotizaciones/cmq79547x00016wu65yh7vuv8/editar 200 in 1108ms (next.js: 382ms, proxy.ts: 49ms, application-code: 677ms)
 GET /cotizaciones/cmq79547x00016wu65yh7vuv8/editar 200 in 1062ms (next.js: 687ms, proxy.ts: 49ms, application-code: 326ms)
 GET /cotizaciones/cmq79547x00016wu65yh7vuv8/editar 200 in 1060ms (next.js: 714ms, proxy.ts: 46ms, application-code: 299ms)
 GET /cotizaciones/cmq79547x00016wu65yh7vuv8/editar 200 in 1055ms (next.js: 742ms, proxy.ts: 41ms, application-code: 272ms)
 GET /cotizaciones/cmq79547x00016wu65yh7vuv8 200 in 1117ms (next.js: 615ms, proxy.ts: 52ms, application-code: 451ms)
 GET /cotizaciones/cmq79547x00016wu65yh7vuv8 200 in 1114ms (next.js: 665ms, proxy.ts: 50ms, application-code: 400ms)
 GET /cotizaciones/cmq79547x00016wu65yh7vuv8 200 in 1118ms (next.js: 639ms, proxy.ts: 51ms, application-code: 428ms)
 GET /cotizaciones/cmq79547x00016wu65yh7vuv8/editar 200 in 1097ms (next.js: 847ms, proxy.ts: 29ms, application-code: 221ms)
 GET /cotizaciones/cmq79547x00016wu65yh7vuv8 200 in 1117ms (next.js: 772ms, proxy.ts: 45ms, application-code: 301ms)
 GET /cotizaciones/cmq79547x00016wu65yh7vuv8 200 in 613ms (next.js: 35ms, proxy.ts: 5ms, application-code: 573ms)
 GET /cotizaciones/cmq79547x00016wu65yh7vuv8/editar 200 in 629ms (next.js: 110ms, proxy.ts: 10ms, application-code: 509ms)
 GET /cotizaciones/cmq79547x00016wu65yh7vuv8/editar 200 in 620ms (next.js: 125ms, proxy.ts: 58ms, application-code: 437ms)
 GET /cotizaciones/cmq79547x00016wu65yh7vuv8 200 in 627ms (next.js: 105ms, proxy.ts: 55ms, application-code: 466ms)
 GET /cotizaciones/cmq79547x00016wu65yh7vuv8/editar 200 in 564ms (next.js: 179ms, proxy.ts: 21ms, application-code: 364ms)
 GET /cotizaciones/cmq79547x00016wu65yh7vuv8/editar 200 in 564ms (next.js: 208ms, proxy.ts: 20ms, application-code: 336ms)
 GET /cotizaciones/cmq79547x00016wu65yh7vuv8/editar 200 in 569ms (next.js: 150ms, proxy.ts: 21ms, application-code: 397ms)
 GET /cotizaciones/cmq79547x00016wu65yh7vuv8 200 in 555ms (next.js: 250ms, proxy.ts: 15ms, application-code: 290ms)
 GET /cotizaciones/cmq79547x00016wu65yh7vuv8 200 in 556ms (next.js: 271ms, proxy.ts: 14ms, application-code: 270ms)
 GET /cotizaciones/cmq79547x00016wu65yh7vuv8/editar 200 in 550ms (next.js: 344ms, proxy.ts: 18ms, application-code: 188ms)
 GET /cotizaciones/cmq79547x00016wu65yh7vuv8 200 in 559ms (next.js: 319ms, proxy.ts: 21ms, application-code: 220ms)
 GET /cotizaciones/cmq79547x00016wu65yh7vuv8 200 in 551ms (next.js: 371ms, proxy.ts: 17ms, application-code: 163ms)
 GET /cotizaciones/cmq79547x00016wu65yh7vuv8 200 in 548ms (next.js: 16ms, proxy.ts: 4ms, application-code: 528ms)
 GET / 200 in 168ms (next.js: 96ms, proxy.ts: 4ms, application-code: 68ms)
 GET /cotizaciones 200 in 132ms (next.js: 78ms, proxy.ts: 3ms, application-code: 51ms)
 GET /cotizaciones/cmq79547x00016wu65yh7vuv8 200 in 48ms (next.js: 10ms, proxy.ts: 3ms, application-code: 35ms)
 GET /cotizaciones/cmq79547x00016wu65yh7vuv8/editar 200 in 63ms (next.js: 9ms, proxy.ts: 3ms, application-code: 51ms)
 PUT /api/cotizaciones/cmq79547x00016wu65yh7vuv8 500 in 243ms (next.js: 94ms, proxy.ts: 4ms, application-code: 145ms)
 GET /cotizaciones/cmq79547x00016wu65yh7vuv8/editar 200 in 692ms (next.js: 10ms, proxy.ts: 3ms, application-code: 678ms)
 PUT /api/cotizaciones/cmq79547x00016wu65yh7vuv8 500 in 143ms (next.js: 11ms, proxy.ts: 6ms, application-code: 127ms)
 PUT /api/cotizaciones/cmq79547x00016wu65yh7vuv8 500 in 113ms (next.js: 9ms, proxy.ts: 3ms, application-code: 100ms)
 GET / 200 in 69ms (next.js: 2ms, proxy.ts: 3ms, application-code: 64ms)
[?25h
